<?xml version="1.0" encoding="UTF-8"?>
<!-- Generated by org.testng.reporters.JUnitReportReporter -->
<testsuite hostname="DESKTOP-IU6OU2G" failures="0" tests="1" name="myWordpress.testScripts.TC_NewClass1" time="6.935" errors="0" timestamp="2024-02-26T19:39:10 IST" skipped="0">
  <testcase classname="myWordpress.testScripts.TC_NewClass1" name="runThePom" time="6.935"/>
</testsuite> <!-- myWordpress.testScripts.TC_NewClass1 -->
