<?xml version="1.0" encoding="UTF-8"?>
<!-- Generated by org.testng.reporters.JUnitReportReporter -->
<testsuite hostname="BharatMalepati" failures="0" tests="1" name="myWordpress.myWordpress.BaseClass" time="26.263" errors="0" timestamp="2024-02-26T18:12:08 IST" skipped="0">
  <testcase classname="myWordpress.myWordpress.BaseClass" name="setup" time="26.263"/>
</testsuite> <!-- myWordpress.myWordpress.BaseClass -->
